 STATION : COOP_STATION_ID : 266779 NAME : sad
RENO TAHOE INTL AP STATE : NV
 RUNS OF PCPC > 0.0
 START: 20120101 END: 20120719
 MINIMUM DURATION 1
 PCPC  >     0 START : 20120116 END : 20120117       1 DAYS
 PCPC  >     0 START : 20120120 END : 20120122       2 DAYS
 PCPC  >     0 START : 20120123 END : 20120124       1 DAYS
 PCPC  >     0 START : 20120201 END : 20120202       1 DAYS
 PCPC  >     0 START : 20120207 END : 20120208       1 DAYS
 PCPC  >     0 START : 20120213 END : 20120214       1 DAYS
 PCPC  >     0 START : 20120215 END : 20120216       1 DAYS
 PCPC  >     0 START : 20120227 END : 20120228       1 DAYS
 PCPC  >     0 START : 20120306 END : 20120307       1 DAYS
 PCPC  >     0 START : 20120316 END : 20120318       2 DAYS
 PCPC  >     0 START : 20120412 END : 20120414       2 DAYS
 PCPC  >     0 START : 20120423 END : 20120424       1 DAYS
 PCPC  >     0 START : 20120426 END : 20120427       1 DAYS
 PCPC  >     0 START : 20120525 END : 20120526       1 DAYS
DAYS NUMBER_OF_RUNS 
1 	 11 
2 	 3 
